<?xml version="1.0" encoding="UTF-8"?>
<!-- Generated by org.testng.reporters.JUnitXMLReporter -->
<testsuite ignored="0" hostname="Venkat-Lappy" failures="0" tests="14" name="Default test" time="158.043" errors="0" timestamp="2022-03-13T19:53:33 EDT">
  <testcase classname="dsAlgo.Pages.Test.TreePageTest" name="verifyTitleTest" time="0.316"/>
  <testcase classname="dsAlgo.Pages.Test.TreePageTest" name="overviewOfTreesRunTest" time="3.05"/>
  <testcase classname="dsAlgo.Pages.Test.TreePageTest" name="TerminologiesRunTest" time="3.379"/>
  <testcase classname="dsAlgo.Pages.Test.TreePageTest" name="TypesofTreestRunTest" time="3.73"/>
  <testcase classname="dsAlgo.Pages.Test.TreePageTest" name="TreeTraversalsRunTest" time="3.898"/>
  <testcase classname="dsAlgo.Pages.Test.TreePageTest" name="traversalsIllustrationRunTest" time="2.624"/>
  <testcase classname="dsAlgo.Pages.Test.TreePageTest" name="BinaryTreesElementRunTest" time="2.602"/>
  <testcase classname="dsAlgo.Pages.Test.TreePageTest" name="TypesofBinaryTreesRunTest" time="2.633"/>
  <testcase classname="dsAlgo.Pages.Test.TreePageTest" name="ImplementationinPythonRunTest" time="2.675"/>
  <testcase classname="dsAlgo.Pages.Test.TreePageTest" name="BinaryTreeTraversalsRunTest" time="2.619"/>
  <testcase classname="dsAlgo.Pages.Test.TreePageTest" name="ImplementationofBinaryTreesRunTest" time="2.477"/>
  <testcase classname="dsAlgo.Pages.Test.TreePageTest" name="ApplicationsofBinarytreesRunTest" time="2.461"/>
  <testcase classname="dsAlgo.Pages.Test.TreePageTest" name="BinarySearchTreesRunTest" time="3.512"/>
  <testcase classname="dsAlgo.Pages.Test.TreePageTest" name="ImplementationOfBSTRunTest" time="2.579"/>
</testsuite> <!-- Default test -->
