<?xml version="1.0" encoding="UTF-8"?>
<testsuite xmlns:xsi="http://www.w3.org/2001/XMLSchema-instance" xsi:noNamespaceSchemaLocation="https://maven.apache.org/surefire/maven-surefire-plugin/xsd/surefire-test-report.xsd" name="TestSuite" time="129.086" tests="12" errors="0" skipped="0" failures="1">
  <properties>
[...]
</properties>
  <testcase name="ValidateTextTest" classname="dsAlgo.Pages.Test.HomePageTest" time="0.368"/>
  <testcase name="clickonArrayPage" classname="dsAlgo.Pages.Test.HomePageTest" time="0.84"/>
  <testcase name="clickonDataStructuresPage" classname="dsAlgo.Pages.Test.HomePageTest" time="0.539"/>
  <testcase name="clickonGraphPage" classname="dsAlgo.Pages.Test.HomePageTest" time="0.412"/>
  <testcase name="clickonLinkedListPage" classname="dsAlgo.Pages.Test.HomePageTest" time="0.991"/>
  <testcase name="clickonQueuePage" classname="dsAlgo.Pages.Test.HomePageTest" time="0.459"/>
  <testcase name="clickonStackPage" classname="dsAlgo.Pages.Test.HomePageTest" time="0.615"/>
  <testcase name="clickonTreePage" classname="dsAlgo.Pages.Test.HomePageTest" time="1.601"/>
  <testcase name="RegisterPageTest" classname="dsAlgo.Pages.Test.RegisterPageTest" time="10.088">
    <failure message="no such element: Unable to locate element: {&quot;method&quot;:&quot;link text&quot;,&quot;selector&quot;:&quot; Register &quot;}&#10;  (Session info: chrome=99.0.4844.51)&#10;For documentation on this error, please visit: https://selenium.dev/exceptions/#no_such_element&#10;Build info: version: &apos;4.1.2&apos;, revision: &apos;9a5a329c5a&apos;&#10;System info: host: &apos;VENKAT-LAPPY&apos;, ip: &apos;10.0.0.161&apos;, os.name: &apos;Windows 8.1&apos;, os.arch: &apos;amd64&apos;, os.version: &apos;6.3&apos;, java.version: &apos;11.0.12&apos;&#10;Driver info: org.openqa.selenium.chrome.ChromeDriver&#10;Command: [de23102e2a7bc4048df7e680027951c3, findElement {using=link text, value= Register }]&#10;Capabilities {acceptInsecureCerts: false, browserName: chrome, browserVersion: 99.0.4844.51, chrome: {chromedriverVersion: 99.0.4844.51 (d537ec02474b5..., userDataDir: C:\Users\VENKAT~1\AppData\L...}, goog:chromeOptions: {debuggerAddress: localhost:54477}, javascriptEnabled: true, networkConnectionEnabled: false, pageLoadStrategy: normal, platform: WINDOWS, platformName: WINDOWS, proxy: Proxy(), se:cdp: ws://localhost:54477/devtoo..., se:cdpVersion: 99.0.4844.51, setWindowRect: true, strictFileInteractability: false, timeouts: {implicit: 0, pageLoad: 300000, script: 30000}, unhandledPromptBehavior: dismiss and notify, webauthn:extension:credBlob: true, webauthn:extension:largeBlob: true, webauthn:virtualAuthenticators: true}&#10;Session ID: de23102e2a7bc4048df7e680027951c3" type="org.openqa.selenium.NoSuchElementException">org.openqa.selenium.NoSuchElementException: 
no such element: Unable to locate element: {"method":"link text","selector":" Register "}
  (Session info: chrome=99.0.4844.51)
For documentation on this error, please visit: https://selenium.dev/exceptions/#no_such_element
Build info: version: '4.1.2', revision: '9a5a329c5a'
System info: host: 'VENKAT-LAPPY', ip: '10.0.0.161', os.name: 'Windows 8.1', os.arch: 'amd64', os.version: '6.3', java.version: '11.0.12'
Driver info: org.openqa.selenium.chrome.ChromeDriver
Command: [de23102e2a7bc4048df7e680027951c3, findElement {using=link text, value= Register }]
Capabilities {acceptInsecureCerts: false, browserName: chrome, browserVersion: 99.0.4844.51, chrome: {chromedriverVersion: 99.0.4844.51 (d537ec02474b5..., userDataDir: C:\Users\VENKAT~1\AppData\L...}, goog:chromeOptions: {debuggerAddress: localhost:54477}, javascriptEnabled: true, networkConnectionEnabled: false, pageLoadStrategy: normal, platform: WINDOWS, platformName: WINDOWS, proxy: Proxy(), se:cdp: ws://localhost:54477/devtoo..., se:cdpVersion: 99.0.4844.51, setWindowRect: true, strictFileInteractability: false, timeouts: {implicit: 0, pageLoad: 300000, script: 30000}, unhandledPromptBehavior: dismiss and notify, webauthn:extension:credBlob: true, webauthn:extension:largeBlob: true, webauthn:virtualAuthenticators: true}
Session ID: de23102e2a7bc4048df7e680027951c3
	at dsAlgo.Pages.Test.RegisterPageTest.RegisterPageTest(RegisterPageTest.java:50)
</failure>
    <system-err><![CDATA[Starting ChromeDriver 99.0.4844.51 (d537ec02474b5afe23684e7963d538896c63ac77-refs/branch-heads/4844@{#875}) on port 53967
Only local connections are allowed.
Please see https://chromedriver.chromium.org/security-considerations for suggestions on keeping ChromeDriver safe.
ChromeDriver was started successfully.
Mar 12, 2022 2:26:05 PM org.openqa.selenium.remote.ProtocolHandshake createSession
INFO: Detected dialect: W3C
Mar 12, 2022 2:26:05 PM org.openqa.selenium.devtools.CdpVersionFinder findNearestMatch
WARNING: Unable to find an exact match for CDP version 99, so returning the closest version found: 97
Mar 12, 2022 2:26:05 PM org.openqa.selenium.devtools.CdpVersionFinder findNearestMatch
INFO: Found CDP implementation for version 99 of 97
]]></system-err>
  </testcase>
  <testcase name="ValidateTextTest" classname="dsAlgo.Pages.Test.RegisterPageTest" time="0.036"/>
  <testcase name="SigninPageTest" classname="dsAlgo.Pages.Test.SigninPageTest" time="2.007"/>
  <testcase name="ValidateTextTest" classname="dsAlgo.Pages.Test.SigninPageTest" time="0.031"/>
</testsuite>