<?xml version="1.0" encoding="UTF-8"?>
<testng-results ignored="0" total="12" passed="11" failed="1" skipped="0">
  <reporter-output>
  </reporter-output>
  <suite started-at="2022-03-12T14:24:45 EST" name="Surefire suite" finished-at="2022-03-12T14:26:48 EST" duration-ms="122975">
    <groups>
    </groups>
    <test started-at="2022-03-12T14:24:45 EST" name="Surefire test" finished-at="2022-03-12T14:26:48 EST" duration-ms="122975">
      <class name="dsAlgo.Pages.Test.RegisterPageTest">
        <test-method is-config="true" signature="setup()[pri:0, instance:dsAlgo.Pages.Test.RegisterPageTest@b968a76]" started-at="2022-03-12T14:26:02 EST" name="setup" finished-at="2022-03-12T14:26:18 EST" duration-ms="15485" status="PASS">
          <reporter-output>
          </reporter-output>
        </test-method> <!-- setup -->
        <test-method signature="RegisterPageTest(dsAlgo.Entities.UserProfileInfo)[pri:0, instance:dsAlgo.Pages.Test.RegisterPageTest@b968a76]" started-at="2022-03-12T14:26:18 EST" name="RegisterPageTest" data-provider="DSSheetData" finished-at="2022-03-12T14:26:28 EST" duration-ms="10054" status="FAIL">
          <params>
            <param index="0">
              <value>
                <![CDATA[dsAlgo.Entities.UserProfileInfo@718989fa]]>
              </value>
            </param>
          </params>
          <exception class="org.openqa.selenium.NoSuchElementException">
            <message>
              <![CDATA[no such element: Unable to locate element: {"method":"link text","selector":" Register "}
  (Session info: chrome=99.0.4844.51)
For documentation on this error, please visit: https://selenium.dev/exceptions/#no_such_element
Build info: version: '4.1.2', revision: '9a5a329c5a'
System info: host: 'VENKAT-LAPPY', ip: '10.0.0.161', os.name: 'Windows 8.1', os.arch: 'amd64', os.version: '6.3', java.version: '11.0.12'
Driver info: org.openqa.selenium.chrome.ChromeDriver
Command: [de23102e2a7bc4048df7e680027951c3, findElement {using=link text, value= Register }]
Capabilities {acceptInsecureCerts: false, browserName: chrome, browserVersion: 99.0.4844.51, chrome: {chromedriverVersion: 99.0.4844.51 (d537ec02474b5..., userDataDir: C:\Users\VENKAT~1\AppData\L...}, goog:chromeOptions: {debuggerAddress: localhost:54477}, javascriptEnabled: true, networkConnectionEnabled: false, pageLoadStrategy: normal, platform: WINDOWS, platformName: WINDOWS, proxy: Proxy(), se:cdp: ws://localhost:54477/devtoo..., se:cdpVersion: 99.0.4844.51, setWindowRect: true, strictFileInteractability: false, timeouts: {implicit: 0, pageLoad: 300000, script: 30000}, unhandledPromptBehavior: dismiss and notify, webauthn:extension:credBlob: true, webauthn:extension:largeBlob: true, webauthn:virtualAuthenticators: true}
Session ID: de23102e2a7bc4048df7e680027951c3]]>
            </message>
            <full-stacktrace>
              <![CDATA[org.openqa.selenium.NoSuchElementException: no such element: Unable to locate element: {"method":"link text","selector":" Register "}
  (Session info: chrome=99.0.4844.51)
For documentation on this error, please visit: https://selenium.dev/exceptions/#no_such_element
Build info: version: '4.1.2', revision: '9a5a329c5a'
System info: host: 'VENKAT-LAPPY', ip: '10.0.0.161', os.name: 'Windows 8.1', os.arch: 'amd64', os.version: '6.3', java.version: '11.0.12'
Driver info: org.openqa.selenium.chrome.ChromeDriver
Command: [de23102e2a7bc4048df7e680027951c3, findElement {using=link text, value= Register }]
Capabilities {acceptInsecureCerts: false, browserName: chrome, browserVersion: 99.0.4844.51, chrome: {chromedriverVersion: 99.0.4844.51 (d537ec02474b5..., userDataDir: C:\Users\VENKAT~1\AppData\L...}, goog:chromeOptions: {debuggerAddress: localhost:54477}, javascriptEnabled: true, networkConnectionEnabled: false, pageLoadStrategy: normal, platform: WINDOWS, platformName: WINDOWS, proxy: Proxy(), se:cdp: ws://localhost:54477/devtoo..., se:cdpVersion: 99.0.4844.51, setWindowRect: true, strictFileInteractability: false, timeouts: {implicit: 0, pageLoad: 300000, script: 30000}, unhandledPromptBehavior: dismiss and notify, webauthn:extension:credBlob: true, webauthn:extension:largeBlob: true, webauthn:virtualAuthenticators: true}
Session ID: de23102e2a7bc4048df7e680027951c3
at java.base/jdk.internal.reflect.NativeConstructorAccessorImpl.newInstance0(Native Method)
at java.base/jdk.internal.reflect.NativeConstructorAccessorImpl.newInstance(NativeConstructorAccessorImpl.java:62)
at java.base/jdk.internal.reflect.DelegatingConstructorAccessorImpl.newInstance(DelegatingConstructorAccessorImpl.java:45)
at java.base/java.lang.reflect.Constructor.newInstance(Constructor.java:490)
at org.openqa.selenium.remote.codec.w3c.W3CHttpResponseCodec.createException(W3CHttpResponseCodec.java:200)
at org.openqa.selenium.remote.codec.w3c.W3CHttpResponseCodec.decode(W3CHttpResponseCodec.java:133)
at org.openqa.selenium.remote.codec.w3c.W3CHttpResponseCodec.decode(W3CHttpResponseCodec.java:53)
at org.openqa.selenium.remote.HttpCommandExecutor.execute(HttpCommandExecutor.java:184)
at org.openqa.selenium.remote.service.DriverCommandExecutor.invokeExecute(DriverCommandExecutor.java:167)
at org.openqa.selenium.remote.service.DriverCommandExecutor.execute(DriverCommandExecutor.java:142)
at org.openqa.selenium.remote.RemoteWebDriver.execute(RemoteWebDriver.java:558)
at org.openqa.selenium.remote.ElementLocation$ElementFinder$2.findElement(ElementLocation.java:162)
at org.openqa.selenium.remote.ElementLocation.findElement(ElementLocation.java:60)
at org.openqa.selenium.remote.RemoteWebDriver.findElement(RemoteWebDriver.java:382)
at org.openqa.selenium.remote.RemoteWebDriver.findElement(RemoteWebDriver.java:374)
at org.openqa.selenium.support.pagefactory.DefaultElementLocator.findElement(DefaultElementLocator.java:70)
at org.openqa.selenium.support.pagefactory.internal.LocatingElementHandler.invoke(LocatingElementHandler.java:39)
at com.sun.proxy.$Proxy14.click(Unknown Source)
at dsAlgo.Pages.RegisterPage.Register(RegisterPage.java:35)
at dsAlgo.Pages.Test.RegisterPageTest.RegisterPageTest(RegisterPageTest.java:50)
at java.base/jdk.internal.reflect.NativeMethodAccessorImpl.invoke0(Native Method)
at java.base/jdk.internal.reflect.NativeMethodAccessorImpl.invoke(NativeMethodAccessorImpl.java:62)
at java.base/jdk.internal.reflect.DelegatingMethodAccessorImpl.invoke(DelegatingMethodAccessorImpl.java:43)
at java.base/java.lang.reflect.Method.invoke(Method.java:566)
at org.testng.internal.invokers.MethodInvocationHelper.invokeMethod(MethodInvocationHelper.java:135)
at org.testng.internal.invokers.TestInvoker.invokeMethod(TestInvoker.java:673)
at org.testng.internal.invokers.TestInvoker.invokeTestMethod(TestInvoker.java:220)
at org.testng.internal.invokers.MethodRunner.runInSequence(MethodRunner.java:50)
at org.testng.internal.invokers.TestInvoker$MethodInvocationAgent.invoke(TestInvoker.java:945)
at org.testng.internal.invokers.TestInvoker.invokeTestMethods(TestInvoker.java:193)
at org.testng.internal.invokers.TestMethodWorker.invokeTestMethods(TestMethodWorker.java:146)
at org.testng.internal.invokers.TestMethodWorker.run(TestMethodWorker.java:128)
at java.base/java.util.ArrayList.forEach(ArrayList.java:1541)
at org.testng.TestRunner.privateRun(TestRunner.java:808)
at org.testng.TestRunner.run(TestRunner.java:603)
at org.testng.SuiteRunner.runTest(SuiteRunner.java:429)
at org.testng.SuiteRunner.runSequentially(SuiteRunner.java:423)
at org.testng.SuiteRunner.privateRun(SuiteRunner.java:383)
at org.testng.SuiteRunner.run(SuiteRunner.java:326)
at org.testng.SuiteRunnerWorker.runSuite(SuiteRunnerWorker.java:52)
at org.testng.SuiteRunnerWorker.run(SuiteRunnerWorker.java:95)
at org.testng.TestNG.runSuitesSequentially(TestNG.java:1249)
at org.testng.TestNG.runSuitesLocally(TestNG.java:1169)
at org.testng.TestNG.runSuites(TestNG.java:1092)
at org.testng.TestNG.run(TestNG.java:1060)
at org.apache.maven.surefire.testng.TestNGExecutor.run(TestNGExecutor.java:135)
at org.apache.maven.surefire.testng.TestNGDirectoryTestSuite.executeMulti(TestNGDirectoryTestSuite.java:193)
at org.apache.maven.surefire.testng.TestNGDirectoryTestSuite.execute(TestNGDirectoryTestSuite.java:94)
at org.apache.maven.surefire.testng.TestNGProvider.invoke(TestNGProvider.java:146)
at org.apache.maven.surefire.booter.ForkedBooter.invokeProviderInSameClassLoader(ForkedBooter.java:384)
at org.apache.maven.surefire.booter.ForkedBooter.runSuitesInProcess(ForkedBooter.java:345)
at org.apache.maven.surefire.booter.ForkedBooter.execute(ForkedBooter.java:126)
at org.apache.maven.surefire.booter.ForkedBooter.main(ForkedBooter.java:418)
]]>
            </full-stacktrace>
          </exception> <!-- org.openqa.selenium.NoSuchElementException -->
          <reporter-output>
          </reporter-output>
        </test-method> <!-- RegisterPageTest -->
        <test-method is-config="true" signature="tearDown()[pri:0, instance:dsAlgo.Pages.Test.RegisterPageTest@b968a76]" started-at="2022-03-12T14:26:28 EST" name="tearDown" finished-at="2022-03-12T14:26:29 EST" duration-ms="945" status="PASS">
          <reporter-output>
          </reporter-output>
        </test-method> <!-- tearDown -->
        <test-method is-config="true" signature="setup()[pri:0, instance:dsAlgo.Pages.Test.RegisterPageTest@b968a76]" started-at="2022-03-12T14:26:29 EST" name="setup" finished-at="2022-03-12T14:26:33 EST" duration-ms="4475" status="PASS">
          <reporter-output>
          </reporter-output>
        </test-method> <!-- setup -->
        <test-method signature="ValidateTextTest()[pri:0, instance:dsAlgo.Pages.Test.RegisterPageTest@b968a76]" started-at="2022-03-12T14:26:33 EST" name="ValidateTextTest" finished-at="2022-03-12T14:26:33 EST" duration-ms="37" status="PASS">
          <reporter-output>
          </reporter-output>
        </test-method> <!-- ValidateTextTest -->
        <test-method is-config="true" signature="tearDown()[pri:0, instance:dsAlgo.Pages.Test.RegisterPageTest@b968a76]" started-at="2022-03-12T14:26:33 EST" name="tearDown" finished-at="2022-03-12T14:26:34 EST" duration-ms="932" status="PASS">
          <reporter-output>
          </reporter-output>
        </test-method> <!-- tearDown -->
      </class> <!-- dsAlgo.Pages.Test.RegisterPageTest -->
      <class name="dsAlgo.Pages.Test.HomePageTest">
        <test-method is-config="true" signature="setup()[pri:0, instance:dsAlgo.Pages.Test.HomePageTest@78a287ed]" started-at="2022-03-12T14:24:45 EST" name="setup" finished-at="2022-03-12T14:24:58 EST" duration-ms="12909" status="PASS">
          <reporter-output>
          </reporter-output>
        </test-method> <!-- setup -->
        <test-method signature="ValidateTextTest()[pri:0, instance:dsAlgo.Pages.Test.HomePageTest@78a287ed]" started-at="2022-03-12T14:24:58 EST" name="ValidateTextTest" finished-at="2022-03-12T14:24:58 EST" duration-ms="368" status="PASS">
          <reporter-output>
          </reporter-output>
        </test-method> <!-- ValidateTextTest -->
        <test-method is-config="true" signature="tearDown()[pri:0, instance:dsAlgo.Pages.Test.HomePageTest@78a287ed]" started-at="2022-03-12T14:24:58 EST" name="tearDown" finished-at="2022-03-12T14:24:59 EST" duration-ms="986" status="PASS">
          <reporter-output>
          </reporter-output>
        </test-method> <!-- tearDown -->
        <test-method is-config="true" signature="setup()[pri:0, instance:dsAlgo.Pages.Test.HomePageTest@78a287ed]" started-at="2022-03-12T14:24:59 EST" name="setup" finished-at="2022-03-12T14:25:06 EST" duration-ms="6564" status="PASS">
          <reporter-output>
          </reporter-output>
        </test-method> <!-- setup -->
        <test-method signature="clickonArrayPage()[pri:0, instance:dsAlgo.Pages.Test.HomePageTest@78a287ed]" started-at="2022-03-12T14:25:06 EST" name="clickonArrayPage" finished-at="2022-03-12T14:25:07 EST" duration-ms="841" status="PASS">
          <reporter-output>
          </reporter-output>
        </test-method> <!-- clickonArrayPage -->
        <test-method is-config="true" signature="tearDown()[pri:0, instance:dsAlgo.Pages.Test.HomePageTest@78a287ed]" started-at="2022-03-12T14:25:07 EST" name="tearDown" finished-at="2022-03-12T14:25:08 EST" duration-ms="981" status="PASS">
          <reporter-output>
          </reporter-output>
        </test-method> <!-- tearDown -->
        <test-method is-config="true" signature="setup()[pri:0, instance:dsAlgo.Pages.Test.HomePageTest@78a287ed]" started-at="2022-03-12T14:25:08 EST" name="setup" finished-at="2022-03-12T14:25:15 EST" duration-ms="7453" status="PASS">
          <reporter-output>
          </reporter-output>
        </test-method> <!-- setup -->
        <test-method signature="clickonDataStructuresPage()[pri:0, instance:dsAlgo.Pages.Test.HomePageTest@78a287ed]" started-at="2022-03-12T14:25:15 EST" name="clickonDataStructuresPage" finished-at="2022-03-12T14:25:16 EST" duration-ms="539" status="PASS">
          <reporter-output>
          </reporter-output>
        </test-method> <!-- clickonDataStructuresPage -->
        <test-method is-config="true" signature="tearDown()[pri:0, instance:dsAlgo.Pages.Test.HomePageTest@78a287ed]" started-at="2022-03-12T14:25:16 EST" name="tearDown" finished-at="2022-03-12T14:25:17 EST" duration-ms="913" status="PASS">
          <reporter-output>
          </reporter-output>
        </test-method> <!-- tearDown -->
        <test-method is-config="true" signature="setup()[pri:0, instance:dsAlgo.Pages.Test.HomePageTest@78a287ed]" started-at="2022-03-12T14:25:17 EST" name="setup" finished-at="2022-03-12T14:25:24 EST" duration-ms="6956" status="PASS">
          <reporter-output>
          </reporter-output>
        </test-method> <!-- setup -->
        <test-method signature="clickonGraphPage()[pri:0, instance:dsAlgo.Pages.Test.HomePageTest@78a287ed]" started-at="2022-03-12T14:25:24 EST" name="clickonGraphPage" finished-at="2022-03-12T14:25:24 EST" duration-ms="413" status="PASS">
          <reporter-output>
          </reporter-output>
        </test-method> <!-- clickonGraphPage -->
        <test-method is-config="true" signature="tearDown()[pri:0, instance:dsAlgo.Pages.Test.HomePageTest@78a287ed]" started-at="2022-03-12T14:25:24 EST" name="tearDown" finished-at="2022-03-12T14:25:25 EST" duration-ms="993" status="PASS">
          <reporter-output>
          </reporter-output>
        </test-method> <!-- tearDown -->
        <test-method is-config="true" signature="setup()[pri:0, instance:dsAlgo.Pages.Test.HomePageTest@78a287ed]" started-at="2022-03-12T14:25:25 EST" name="setup" finished-at="2022-03-12T14:25:32 EST" duration-ms="7313" status="PASS">
          <reporter-output>
          </reporter-output>
        </test-method> <!-- setup -->
        <test-method signature="clickonLinkedListPage()[pri:0, instance:dsAlgo.Pages.Test.HomePageTest@78a287ed]" started-at="2022-03-12T14:25:32 EST" name="clickonLinkedListPage" finished-at="2022-03-12T14:25:33 EST" duration-ms="991" status="PASS">
          <reporter-output>
          </reporter-output>
        </test-method> <!-- clickonLinkedListPage -->
        <test-method is-config="true" signature="tearDown()[pri:0, instance:dsAlgo.Pages.Test.HomePageTest@78a287ed]" started-at="2022-03-12T14:25:33 EST" name="tearDown" finished-at="2022-03-12T14:25:34 EST" duration-ms="898" status="PASS">
          <reporter-output>
          </reporter-output>
        </test-method> <!-- tearDown -->
        <test-method is-config="true" signature="setup()[pri:0, instance:dsAlgo.Pages.Test.HomePageTest@78a287ed]" started-at="2022-03-12T14:25:34 EST" name="setup" finished-at="2022-03-12T14:25:41 EST" duration-ms="7092" status="PASS">
          <reporter-output>
          </reporter-output>
        </test-method> <!-- setup -->
        <test-method signature="clickonQueuePage()[pri:0, instance:dsAlgo.Pages.Test.HomePageTest@78a287ed]" started-at="2022-03-12T14:25:41 EST" name="clickonQueuePage" finished-at="2022-03-12T14:25:42 EST" duration-ms="459" status="PASS">
          <reporter-output>
          </reporter-output>
        </test-method> <!-- clickonQueuePage -->
        <test-method is-config="true" signature="tearDown()[pri:0, instance:dsAlgo.Pages.Test.HomePageTest@78a287ed]" started-at="2022-03-12T14:25:42 EST" name="tearDown" finished-at="2022-03-12T14:25:43 EST" duration-ms="951" status="PASS">
          <reporter-output>
          </reporter-output>
        </test-method> <!-- tearDown -->
        <test-method is-config="true" signature="setup()[pri:0, instance:dsAlgo.Pages.Test.HomePageTest@78a287ed]" started-at="2022-03-12T14:25:43 EST" name="setup" finished-at="2022-03-12T14:25:50 EST" duration-ms="6937" status="PASS">
          <reporter-output>
          </reporter-output>
        </test-method> <!-- setup -->
        <test-method signature="clickonStackPage()[pri:0, instance:dsAlgo.Pages.Test.HomePageTest@78a287ed]" started-at="2022-03-12T14:25:50 EST" name="clickonStackPage" finished-at="2022-03-12T14:25:50 EST" duration-ms="615" status="PASS">
          <reporter-output>
          </reporter-output>
        </test-method> <!-- clickonStackPage -->
        <test-method is-config="true" signature="tearDown()[pri:0, instance:dsAlgo.Pages.Test.HomePageTest@78a287ed]" started-at="2022-03-12T14:25:50 EST" name="tearDown" finished-at="2022-03-12T14:25:51 EST" duration-ms="1026" status="PASS">
          <reporter-output>
          </reporter-output>
        </test-method> <!-- tearDown -->
        <test-method is-config="true" signature="setup()[pri:0, instance:dsAlgo.Pages.Test.HomePageTest@78a287ed]" started-at="2022-03-12T14:25:51 EST" name="setup" finished-at="2022-03-12T14:26:00 EST" duration-ms="8367" status="PASS">
          <reporter-output>
          </reporter-output>
        </test-method> <!-- setup -->
        <test-method signature="clickonTreePage()[pri:0, instance:dsAlgo.Pages.Test.HomePageTest@78a287ed]" started-at="2022-03-12T14:26:00 EST" name="clickonTreePage" finished-at="2022-03-12T14:26:01 EST" duration-ms="1601" status="PASS">
          <reporter-output>
          </reporter-output>
        </test-method> <!-- clickonTreePage -->
        <test-method is-config="true" signature="tearDown()[pri:0, instance:dsAlgo.Pages.Test.HomePageTest@78a287ed]" started-at="2022-03-12T14:26:01 EST" name="tearDown" finished-at="2022-03-12T14:26:02 EST" duration-ms="938" status="PASS">
          <reporter-output>
          </reporter-output>
        </test-method> <!-- tearDown -->
      </class> <!-- dsAlgo.Pages.Test.HomePageTest -->
      <class name="dsAlgo.Pages.Test.SigninPageTest">
        <test-method is-config="true" signature="setup()[pri:0, instance:dsAlgo.Pages.Test.SigninPageTest@2f9a01c1]" started-at="2022-03-12T14:26:34 EST" name="setup" finished-at="2022-03-12T14:26:39 EST" duration-ms="4810" status="PASS">
          <reporter-output>
          </reporter-output>
        </test-method> <!-- setup -->
        <test-method signature="SigninPageTest(dsAlgo.Entities.UserProfileInfo)[pri:0, instance:dsAlgo.Pages.Test.SigninPageTest@2f9a01c1]" started-at="2022-03-12T14:26:39 EST" name="SigninPageTest" data-provider="Credentials" finished-at="2022-03-12T14:26:41 EST" duration-ms="2008" status="PASS">
          <params>
            <param index="0">
              <value>
                <![CDATA[dsAlgo.Entities.UserProfileInfo@69f080ad]]>
              </value>
            </param>
          </params>
          <reporter-output>
          </reporter-output>
        </test-method> <!-- SigninPageTest -->
        <test-method is-config="true" signature="tearDown()[pri:0, instance:dsAlgo.Pages.Test.SigninPageTest@2f9a01c1]" started-at="2022-03-12T14:26:41 EST" name="tearDown" finished-at="2022-03-12T14:26:42 EST" duration-ms="989" status="PASS">
          <reporter-output>
          </reporter-output>
        </test-method> <!-- tearDown -->
        <test-method is-config="true" signature="setup()[pri:0, instance:dsAlgo.Pages.Test.SigninPageTest@2f9a01c1]" started-at="2022-03-12T14:26:42 EST" name="setup" finished-at="2022-03-12T14:26:47 EST" duration-ms="4751" status="PASS">
          <reporter-output>
          </reporter-output>
        </test-method> <!-- setup -->
        <test-method signature="ValidateTextTest()[pri:0, instance:dsAlgo.Pages.Test.SigninPageTest@2f9a01c1]" started-at="2022-03-12T14:26:47 EST" name="ValidateTextTest" finished-at="2022-03-12T14:26:47 EST" duration-ms="32" status="PASS">
          <reporter-output>
          </reporter-output>
        </test-method> <!-- ValidateTextTest -->
        <test-method is-config="true" signature="tearDown()[pri:0, instance:dsAlgo.Pages.Test.SigninPageTest@2f9a01c1]" started-at="2022-03-12T14:26:47 EST" name="tearDown" finished-at="2022-03-12T14:26:48 EST" duration-ms="862" status="PASS">
          <reporter-output>
          </reporter-output>
        </test-method> <!-- tearDown -->
      </class> <!-- dsAlgo.Pages.Test.SigninPageTest -->
    </test> <!-- Surefire test -->
  </suite> <!-- Surefire suite -->
</testng-results>
